INFO 2022-02-14 21:20:22,303 Training X data
[[-0.82340093 -0.93074724 -0.84415383 -0.72853058]
 [-0.07802107  0.68597281  0.56716585 -1.13580734]
 [-0.82340093 -0.93074724 -0.84415383  0.08602294]
 [ 1.41273866  0.68597281 -0.84415383  1.30785323]
 [-0.82340093 -0.60740323 -0.84415383 -1.29871805]
 [-0.82340093 -0.93074724  1.97848553  0.08602294]
 [-1.5687808   2.30269286  0.56716585 -0.93216896]
 [-0.97247691 -0.28405922  0.56716585 -1.13580734]
 [-0.97247691 -0.28405922  0.56716585  0.90057646]
 [-0.07802107  0.68597281 -0.84415383 -0.72853058]
 [ 1.41273866  0.68597281 -0.84415383  0.08602294]
 [-0.97247691 -0.28405922  0.56716585 -0.72853058]
 [-0.37617302  1.65600484 -0.84415383 -1.29871805]
 [-0.82340093 -0.60740323 -0.84415383 -1.13580734]
 [-0.82340093  0.68597281  0.56716585  0.90057646]
 [-0.07802107  0.68597281  0.56716585 -0.72853058]
 [-0.82340093 -0.93074724 -0.84415383  2.12240675]
 [-0.82340093 -0.93074724  0.56716585 -0.72853058]
 [ 0.22013088  0.03928479 -0.84415383 -0.23979847]
 [-0.82340093 -0.93074724 -0.84415383  0.4932997 ]
 [-0.82340093  0.68597281  0.56716585  0.08602294]
 [ 0.81643477  2.30269286  1.97848553 -0.5248922 ]
 [-0.82340093  0.68597281  0.56716585 -1.13580734]
 [ 1.41273866 -0.93074724 -0.84415383  0.4932997 ]
 [-0.07802107  0.68597281 -0.84415383  0.08602294]
 [ 1.41273866  0.68597281 -0.84415383 -1.13580734]
 [ 1.41273866 -0.93074724  1.97848553 -1.13580734]
 [-0.82340093 -0.93074724  1.97848553 -1.13580734]
 [-0.82340093  0.68597281 -0.84415383  0.90057646]
 [ 1.41273866 -0.93074724 -0.84415383  1.30785323]
 [ 0.22013088  0.03928479 -0.84415383 -1.21726269]
 [-0.97247691 -0.28405922  0.56716585  0.4932997 ]
 [-0.97247691 -0.28405922  0.56716585  1.30785323]
 [-0.82340093 -0.93074724  0.56716585  0.90057646]
 [-0.07802107  0.68597281  0.56716585 -0.32125382]
 [-0.82340093 -0.93074724  1.97848553  0.4932997 ]
 [-0.82340093  0.68597281  0.56716585 -0.72853058]
 [-0.82340093 -0.93074724 -0.84415383  1.71512999]
 [ 0.22013088  0.03928479 -0.84415383 -0.97289664]
 [-1.5687808   2.30269286  0.56716585 -1.33944572]
 [ 1.41273866 -0.93074724  0.56716585  0.4932997 ]
 [-0.82340093  0.68597281 -0.84415383  1.71512999]
 [ 1.26366269  2.30269286 -0.84415383  0.90057646]
 [ 1.41273866 -0.93074724  0.56716585 -0.72853058]
 [-0.82340093 -0.93074724  1.97848553  0.90057646]
 [-0.97247691 -0.28405922  0.56716585  0.08602294]
 [-0.82340093  0.68597281 -0.84415383 -1.13580734]
 [-0.82340093 -0.93074724  0.56716585  0.08602294]
 [-0.82340093 -0.93074724  0.56716585 -1.13580734]
 [ 1.41273866 -0.93074724  0.56716585  0.90057646]
 [-0.82340093  0.68597281 -0.84415383  1.30785323]
 [-0.07802107  0.68597281  0.56716585  0.08602294]
 [ 1.41273866 -0.93074724  0.56716585 -1.13580734]
 [ 1.11458671 -0.93074724 -0.84415383 -1.29871805]
 [-0.82340093 -0.93074724 -0.84415383  0.90057646]
 [ 0.96551074 -1.90077927  1.97848553 -0.56561988]
 [ 1.41273866  0.68597281 -0.84415383 -0.32125382]
 [-0.97247691 -0.28405922  0.56716585  1.71512999]
 [-0.97247691 -0.28405922  0.56716585  2.12240675]
 [ 1.41273866 -0.93074724  1.97848553 -0.32125382]
 [-0.82340093  0.68597281 -0.84415383  0.4932997 ]
 [-0.37617302  1.65600484 -0.84415383 -1.13580734]
 [-0.37617302  1.65600484 -0.84415383 -1.3801734 ]
 [ 0.22013088  0.03928479 -0.84415383 -0.72853058]
 [-0.82340093 -0.93074724  0.56716585  1.30785323]
 [-0.07802107  0.68597281 -0.84415383 -0.32125382]
 [ 1.41273866 -0.93074724  0.56716585 -0.32125382]
 [-0.82340093  0.68597281 -0.84415383  2.12240675]
 [ 1.41273866  0.68597281 -0.84415383  1.71512999]
 [-0.82340093  0.68597281  0.56716585  1.30785323]
 [ 0.81643477  2.30269286  1.97848553 -1.09507967]
 [-0.82340093 -0.93074724  0.56716585  0.4932997 ]
 [ 1.41273866 -0.93074724 -0.84415383 -0.32125382]
 [-0.82340093 -0.93074724 -0.84415383 -1.13580734]
 [ 1.41273866 -0.93074724 -0.84415383  0.90057646]
 [-0.37617302  1.65600484 -0.84415383 -1.21726269]
 [ 1.41273866 -0.93074724  1.97848553 -0.72853058]
 [-0.82340093  0.68597281 -0.84415383  0.08602294]
 [ 1.41273866 -0.93074724  0.56716585  0.08602294]
 [-0.82340093 -0.93074724 -0.84415383 -0.32125382]
 [-0.97247691 -0.28405922  0.56716585 -0.32125382]
 [ 1.41273866 -0.93074724  0.56716585  1.30785323]
 [ 1.41273866  0.68597281 -0.84415383  0.90057646]
 [-0.37617302  1.65600484 -0.84415383 -0.97289664]
 [ 0.22013088  0.03928479 -0.84415383 -0.48416452]]
INFO 2022-02-14 21:20:22,304 Training y data
[[ 0.80648334]
 [-0.50660143]
 [-0.12188348]
 [-0.58649687]
 [ 2.94047224]
 [-0.9644824 ]
 [-0.52157131]
 [ 0.28569032]
 [-0.54721309]
 [ 0.39056168]
 [ 0.79384447]
 [ 0.018617  ]
 [ 1.36085045]
 [ 0.95376389]
 [-0.87834739]
 [-0.84632318]
 [-0.36400077]
 [-0.07379581]
 [ 1.34929207]
 [ 0.92839328]
 [-0.52927309]
 [-1.15491185]
 [-0.71138988]
 [-0.06031941]
 [ 0.29064892]
 [ 0.28918734]
 [-1.08405705]
 [-0.56210385]
 [ 0.62382995]
 [ 0.20849555]
 [ 3.89993263]
 [-0.20759917]
 [-0.71140412]
 [-0.63256391]
 [-0.9838483 ]
 [-0.83461431]
 [-0.27098731]
 [ 0.54337288]
 [ 1.16573769]
 [ 1.10499375]
 [-0.91777876]
 [ 0.25612587]
 [-0.80552064]
 [-0.39134476]
 [-1.09453352]
 [-0.32319227]
 [ 1.11186095]
 [-0.21897664]
 [ 0.09149033]
 [-0.9020696 ]
 [ 0.00879161]
 [-1.02990137]
 [-0.06932633]
 [ 3.15077098]
 [-0.17600857]
 [-1.12274742]
 [ 0.03493318]
 [-0.80915483]
 [-0.97464735]
 [-1.45039495]
 [ 0.4495723 ]
 [ 0.74803349]
 [ 2.28641876]
 [ 1.88548484]
 [-0.99451874]
 [ 0.6176705 ]
 [-0.51654601]
 [-0.01149047]
 [-0.68932008]
 [-1.16361892]
 [-0.95925801]
 [-0.88469636]
 [ 0.69497444]
 [ 2.43408017]
 [ 0.60889903]
 [ 1.09245924]
 [-1.31059591]
 [ 0.46178383]
 [-0.8852926 ]
 [-0.03664328]
 [-0.31101643]
 [-0.98292167]
 [-0.60796633]
 [ 0.17378355]
 [ 0.96174832]]
INFO 2022-02-14 21:20:22,304 Testing X data
[[-0.82340093  0.68597281 -0.84415383 -0.72853058]
 [ 1.41273866 -0.93074724 -0.84415383  0.08602294]
 [ 1.41273866  0.68597281 -0.84415383 -0.72853058]
 [-0.82340093 -0.93074724  0.56716585 -0.32125382]
 [ 1.41273866 -0.93074724  1.97848553  0.08602294]
 [-0.82340093 -0.93074724  1.97848553 -0.32125382]
 [-0.37617302  1.65600484 -0.84415383 -1.05435199]
 [ 1.41273866 -0.93074724 -0.84415383 -0.72853058]
 [ 1.41273866  0.68597281 -0.84415383  0.4932997 ]
 [ 0.22013088  0.03928479 -0.84415383  0.00456759]
 [-0.07802107  0.68597281 -0.84415383 -1.13580734]
 [-0.82340093 -0.93074724  1.97848553 -0.72853058]
 [ 1.41273866  0.68597281 -0.84415383  2.12240675]
 [ 1.41273866 -0.93074724 -0.84415383 -1.13580734]
 [-0.82340093  0.68597281  0.56716585 -0.32125382]
 [-0.82340093 -0.93074724 -0.84415383  1.30785323]
 [-0.82340093 -0.93074724  1.97848553  1.30785323]
 [ 1.41273866 -0.93074724 -0.84415383  1.71512999]
 [ 1.26366269  2.30269286 -0.84415383 -0.32125382]
 [ 1.41273866 -0.93074724 -0.84415383  2.12240675]
 [-0.82340093  0.68597281  0.56716585  0.4932997 ]
 [-0.82340093  0.68597281 -0.84415383 -0.32125382]]
INFO 2022-02-14 21:20:22,304 Testing y data
[[ 0.94433523]
 [-0.41486963]
 [-0.31320316]
 [-0.856407  ]
 [-1.32449273]
 [-0.84302119]
 [-0.00335482]
 [ 0.20935161]
 [ 0.25871538]
 [ 0.50459215]
 [ 1.08408117]
 [-0.95493604]
 [-0.45421535]
 [ 1.812537  ]
 [-0.56331919]
 [-0.11056221]
 [-1.21431863]
 [ 0.20892639]
 [-0.506943  ]
 [-0.21017261]
 [-0.50753377]
 [ 1.02503136]]
INFO 2022-02-14 21:22:05,116 
   Alpha Iterations                                                                                    Coefficients               Intercept Mean Squared Error Root Mean Squared Error Mean Absolute Error R Squared Value
0  0.001       5000  [[-0.14533308069941953], [-0.13024552937104056], [-0.7461255295641257], [-0.5094964813333681]]  [0.016774407613814296]           0.306723                0.553826            0.447798        0.501474
1  0.001       2000  [[-0.27634420259231446], [-0.24011382843281626], [-0.6754807108112272], [-0.4219504906080597]]   [-0.2908989426862113]           0.281426                0.530496             0.45196         0.54259
2  0.001       1000   [[0.47319658341160686], [-0.19338956516040742], [-1.1911378010403877], [0.05431877483870331]]    [1.1149000967884009]           3.900775                1.975038             1.64945       -5.340041
3   0.01       5000  [[-0.16194913916489065], [-0.17275184786915956], [-0.7891532156187384], [-0.5391734419071452]]    [0.0319776092594481]             0.3263                0.571227            0.469436        0.469654
4   0.01       2000    [[-0.16194762819998518], [-0.172748564583701], [-0.7891502950678961], [-0.5391709211656299]]   [0.03197771912199653]           0.326299                0.571226            0.469434        0.469657
5   0.01       1000  [[-0.16228125967696994], [-0.17325158668339377], [-0.7895509559562529], [-0.5395463677295315]]  [0.031930897933900894]           0.326446                0.571354            0.469678        0.469418
6    0.1       5000    [[-0.16194913916489415], [-0.1727518478691669], [-0.789153215618746], [-0.5391734419071523]]  [0.031977609259447724]             0.3263                0.571227            0.469436        0.469654
7    0.1       2000    [[-0.16194913916489415], [-0.1727518478691669], [-0.789153215618746], [-0.5391734419071523]]  [0.031977609259447724]             0.3263                0.571227            0.469436        0.469654
8    0.1       1000    [[-0.16194913916489415], [-0.1727518478691669], [-0.789153215618746], [-0.5391734419071523]]  [0.031977609259447724]             0.3263                0.571227            0.469436        0.469654
